<?xml version="1.0" encoding="UTF-8"?>
<robot generator="Robot 3.2.2 (Python 3.8.5 on linux)" generated="20210124 18:02:33.950" rpa="false">
<suite id="s1" name="TC 005 FetchData" source="/home/urban/Robot_projects/TestCases/LoginTC/TC_005_FetchData.robot">
<test id="s1-t1" name="TC_001_Test Fetch Data">
<kw name="Start Browser and Maximize" library="Resources2" type="setup">
<doc>This keyword is for Start Browser and maximize its window</doc>
<arguments>
<arg>https://www.thetestingworld.com/testings</arg>
<arg>Chrome</arg>
</arguments>
<kw name="Open Browser" library="SeleniumLibrary">
<doc>Opens a new browser instance to the optional ``url``.</doc>
<arguments>
<arg>${UserURL}</arg>
<arg>${InputBrowser}</arg>
</arguments>
<msg timestamp="20210124 18:02:34.048" level="INFO">Opening browser 'Chrome' to base url 'https://www.thetestingworld.com/testings'.</msg>
<status status="PASS" starttime="20210124 18:02:34.048" endtime="20210124 18:02:36.347"></status>
</kw>
<kw name="Maximize Browser Window" library="SeleniumLibrary">
<doc>Maximizes current browser window.</doc>
<status status="PASS" starttime="20210124 18:02:36.348" endtime="20210124 18:02:36.456"></status>
</kw>
<kw name="Get Title" library="SeleniumLibrary">
<doc>Returns the title of the current page.</doc>
<assign>
<var>${Title}</var>
</assign>
<msg timestamp="20210124 18:02:36.460" level="INFO">${Title} = Login &amp; Sign Up Forms</msg>
<status status="PASS" starttime="20210124 18:02:36.456" endtime="20210124 18:02:36.460"></status>
</kw>
<kw name="Log" library="BuiltIn">
<doc>Logs the given message with the given level.</doc>
<arguments>
<arg>${Title}</arg>
</arguments>
<msg timestamp="20210124 18:02:36.461" level="INFO">Login &amp; Sign Up Forms</msg>
<status status="PASS" starttime="20210124 18:02:36.461" endtime="20210124 18:02:36.461"></status>
</kw>
<status status="PASS" starttime="20210124 18:02:34.047" endtime="20210124 18:02:36.461"></status>
</kw>
<kw name="Get Title" library="SeleniumLibrary">
<doc>Returns the title of the current page.</doc>
<assign>
<var>${PageTitle}</var>
</assign>
<msg timestamp="20210124 18:02:36.467" level="INFO">${PageTitle} = Login &amp; Sign Up Forms</msg>
<status status="PASS" starttime="20210124 18:02:36.461" endtime="20210124 18:02:36.467"></status>
</kw>
<kw name="Log" library="BuiltIn">
<doc>Logs the given message with the given level.</doc>
<arguments>
<arg>${PageTitle}</arg>
</arguments>
<msg timestamp="20210124 18:02:36.467" level="INFO">Login &amp; Sign Up Forms</msg>
<status status="PASS" starttime="20210124 18:02:36.467" endtime="20210124 18:02:36.467"></status>
</kw>
<kw name="Enter username and emailaddress">
<kw name="Input Text" library="SeleniumLibrary">
<doc>Types the given ``text`` into the text field identified by ``locator``.</doc>
<arguments>
<arg>name:fld_username</arg>
<arg>Urban</arg>
</arguments>
<msg timestamp="20210124 18:02:36.468" level="INFO">Typing text 'Urban' into text field 'name:fld_username'.</msg>
<status status="PASS" starttime="20210124 18:02:36.468" endtime="20210124 18:02:36.553"></status>
</kw>
<kw name="Input Text" library="SeleniumLibrary">
<doc>Types the given ``text`` into the text field identified by ``locator``.</doc>
<arguments>
<arg>xpath://input[@name='fld_email']</arg>
<arg>ugwojnowski@gmail.com</arg>
</arguments>
<msg timestamp="20210124 18:02:36.553" level="INFO">Typing text 'ugwojnowski@gmail.com' into text field 'xpath://input[@name='fld_email']'.</msg>
<status status="PASS" starttime="20210124 18:02:36.553" endtime="20210124 18:02:36.633"></status>
</kw>
<status status="PASS" starttime="20210124 18:02:36.467" endtime="20210124 18:02:36.633"></status>
</kw>
<kw name="Enter password and confirm">
<kw name="Input Password" library="SeleniumLibrary">
<doc>Types the given password into the text field identified by ``locator``.</doc>
<arguments>
<arg>name:fld_password</arg>
<arg>${Password}</arg>
</arguments>
<msg timestamp="20210124 18:02:36.633" level="INFO">Typing password into text field 'name:fld_password'.</msg>
<msg timestamp="20210124 18:02:36.665" level="INFO">Temporally setting log level to: NONE</msg>
<msg timestamp="20210124 18:02:36.706" level="INFO">Log level changed from NONE to INFO.</msg>
<status status="PASS" starttime="20210124 18:02:36.633" endtime="20210124 18:02:36.706"></status>
</kw>
<kw name="Input Password" library="SeleniumLibrary">
<doc>Types the given password into the text field identified by ``locator``.</doc>
<arguments>
<arg>name:fld_cpassword</arg>
<arg>${Password}</arg>
</arguments>
<msg timestamp="20210124 18:02:36.706" level="INFO">Typing password into text field 'name:fld_cpassword'.</msg>
<msg timestamp="20210124 18:02:36.738" level="INFO">Temporally setting log level to: NONE</msg>
<msg timestamp="20210124 18:02:36.780" level="INFO">Log level changed from NONE to INFO.</msg>
<status status="PASS" starttime="20210124 18:02:36.706" endtime="20210124 18:02:36.780"></status>
</kw>
<status status="PASS" starttime="20210124 18:02:36.633" endtime="20210124 18:02:36.781"></status>
</kw>
<kw name="Get Value" library="SeleniumLibrary">
<doc>Returns the value attribute of the element identified by ``locator``.</doc>
<arguments>
<arg>xpath://input[@type='submit']</arg>
</arguments>
<assign>
<var>${Value}</var>
</assign>
<msg timestamp="20210124 18:02:36.793" level="INFO">${Value} = Sign up</msg>
<status status="PASS" starttime="20210124 18:02:36.781" endtime="20210124 18:02:36.794"></status>
</kw>
<kw name="Log" library="BuiltIn">
<doc>Logs the given message with the given level.</doc>
<arguments>
<arg>${Value}</arg>
</arguments>
<msg timestamp="20210124 18:02:36.794" level="INFO">Sign up</msg>
<status status="PASS" starttime="20210124 18:02:36.794" endtime="20210124 18:02:36.794"></status>
</kw>
<kw name="Get Text" library="SeleniumLibrary">
<doc>Returns the text value of the element identified by ``locator``.</doc>
<arguments>
<arg>xpath://a[@class='displayPopup']</arg>
</arguments>
<assign>
<var>${Text}</var>
</assign>
<msg timestamp="20210124 18:02:36.812" level="INFO">${Text} = Read Detail</msg>
<status status="PASS" starttime="20210124 18:02:36.794" endtime="20210124 18:02:36.812"></status>
</kw>
<kw name="Log" library="BuiltIn">
<doc>Logs the given message with the given level.</doc>
<arguments>
<arg>${Text}</arg>
</arguments>
<msg timestamp="20210124 18:02:36.812" level="INFO">Read Detail</msg>
<status status="PASS" starttime="20210124 18:02:36.812" endtime="20210124 18:02:36.812"></status>
</kw>
<kw name="Get Location" library="SeleniumLibrary">
<doc>Returns the current browser window URL.</doc>
<assign>
<var>${ActualURL}</var>
</assign>
<msg timestamp="20210124 18:02:36.816" level="INFO">${ActualURL} = https://www.thetestingworld.com/testings/</msg>
<status status="PASS" starttime="20210124 18:02:36.812" endtime="20210124 18:02:36.816"></status>
</kw>
<kw name="Log" library="BuiltIn">
<doc>Logs the given message with the given level.</doc>
<arguments>
<arg>${ActualURL}</arg>
</arguments>
<msg timestamp="20210124 18:02:36.816" level="INFO">https://www.thetestingworld.com/testings/</msg>
<status status="PASS" starttime="20210124 18:02:36.816" endtime="20210124 18:02:36.816"></status>
</kw>
<kw name="Get Element Attribute" library="SeleniumLibrary">
<doc>Returns the value of ``attribute`` from the element ``locator``.</doc>
<arguments>
<arg>name:fld_username</arg>
<arg>class</arg>
</arguments>
<assign>
<var>${Attr}</var>
</assign>
<msg timestamp="20210124 18:02:36.826" level="INFO">${Attr} = field</msg>
<status status="PASS" starttime="20210124 18:02:36.816" endtime="20210124 18:02:36.826"></status>
</kw>
<kw name="Log" library="BuiltIn">
<doc>Logs the given message with the given level.</doc>
<arguments>
<arg>${Attr}</arg>
</arguments>
<msg timestamp="20210124 18:02:36.826" level="INFO">field</msg>
<status status="PASS" starttime="20210124 18:02:36.826" endtime="20210124 18:02:36.827"></status>
</kw>
<kw name="Get Element Count" library="SeleniumLibrary">
<doc>Returns the number of elements matching ``locator``.</doc>
<arguments>
<arg>class:field</arg>
</arguments>
<assign>
<var>${cnt}</var>
</assign>
<msg timestamp="20210124 18:02:36.835" level="INFO">${cnt} = 6</msg>
<status status="PASS" starttime="20210124 18:02:36.827" endtime="20210124 18:02:36.835"></status>
</kw>
<kw name="log ${cnt}">
<msg timestamp="20210124 18:02:36.838" level="FAIL">No keyword with name 'log ${cnt}' found.</msg>
<status status="FAIL" starttime="20210124 18:02:36.838" endtime="20210124 18:02:36.838"></status>
</kw>
<kw name="Close Browser Window" library="Resources2" type="teardown">
<kw name="Get Title" library="SeleniumLibrary">
<doc>Returns the title of the current page.</doc>
<assign>
<var>${Title}</var>
</assign>
<msg timestamp="20210124 18:02:36.842" level="INFO">${Title} = Login &amp; Sign Up Forms</msg>
<status status="PASS" starttime="20210124 18:02:36.838" endtime="20210124 18:02:36.842"></status>
</kw>
<kw name="Log" library="BuiltIn">
<doc>Logs the given message with the given level.</doc>
<arguments>
<arg>${Title}</arg>
</arguments>
<msg timestamp="20210124 18:02:36.842" level="INFO">Login &amp; Sign Up Forms</msg>
<status status="PASS" starttime="20210124 18:02:36.842" endtime="20210124 18:02:36.842"></status>
</kw>
<kw name="Close Browser" library="SeleniumLibrary">
<doc>Closes the current browser.</doc>
<status status="PASS" starttime="20210124 18:02:36.842" endtime="20210124 18:02:36.907"></status>
</kw>
<status status="PASS" starttime="20210124 18:02:36.838" endtime="20210124 18:02:36.908"></status>
</kw>
<doc>This test case is to Fetch Data</doc>
<tags>
<tag>Smoke</tag>
</tags>
<status status="FAIL" starttime="20210124 18:02:34.047" endtime="20210124 18:02:36.908" critical="yes">No keyword with name 'log ${cnt}' found.</status>
</test>
<doc>This File having testcase of testing ABC Functionality</doc>
<status status="FAIL" starttime="20210124 18:02:33.951" endtime="20210124 18:02:36.910"></status>
</suite>
<statistics>
<total>
<stat pass="0" fail="1">Critical Tests</stat>
<stat pass="0" fail="1">All Tests</stat>
</total>
<tag>
<stat pass="0" fail="1">Smoke</stat>
</tag>
<suite>
<stat pass="0" fail="1" id="s1" name="TC 005 FetchData">TC 005 FetchData</stat>
</suite>
</statistics>
<errors>
</errors>
</robot>
